20.7.2024, 20:00:26 - INFO - Registering user 
20.7.2024, 20:02:44 - INFO - Registering user 
20.7.2024, 20:02:45 - INFO - User 669bedb4d4c24cfd7ba0eb94 registered successfully 
20.7.2024, 20:04:19 - INFO - Registering user 
20.7.2024, 20:04:19 - INFO - User 669bee132f69086a19bea401 registered successfully 
20.7.2024, 20:04:20 - ERROR - ValidationError: description: Path `description` is required., image: Path `image` is required., overview: Path `overview` is required. 
20.7.2024, 20:16:57 - INFO - Registering user 
20.7.2024, 20:16:57 - INFO - User 669bf109f1c9b03e46107077 registered successfully 
20.7.2024, 20:16:58 - ERROR - ValidationError: reviews: Cast to embedded failed for value "test" (type string) at path "reviews" because of "ObjectParameterError" 
20.7.2024, 20:36:00 - INFO - Registering user 
20.7.2024, 20:36:00 - INFO - User 669bf580ce31285cc0fa8502 registered successfully 
20.7.2024, 20:36:01 - ERROR - ValidationError: reviews: Cast to embedded failed for value "test" (type string) at path "reviews" because of "ObjectParameterError" 
20.7.2024, 20:37:41 - INFO - Registering user 
20.7.2024, 20:37:42 - INFO - User 669bf5e6e358761698c22eb6 registered successfully 
20.7.2024, 20:37:43 - ERROR - ValidationError: reviews: Cast to embedded failed for value "test" (type string) at path "reviews" because of "ObjectParameterError" 
20.7.2024, 20:40:55 - INFO - Registering user 
20.7.2024, 20:40:56 - INFO - User 669bf6a8e9eb730bf2628469 registered successfully 
20.7.2024, 20:42:22 - INFO - Registering user 
20.7.2024, 20:42:23 - INFO - User 669bf6fe0ff5031d4c608467 registered successfully 
20.7.2024, 20:42:30 - ERROR - TokenExpiredError: jwt expired 
21.7.2024, 20:38:52 - ERROR - TokenExpiredError: jwt expired 
21.7.2024, 20:38:52 - ERROR - TokenExpiredError: jwt expired 
21.7.2024, 20:38:53 - ERROR - TokenExpiredError: jwt expired 
21.7.2024, 20:38:53 - ERROR - TokenExpiredError: jwt expired 
21.7.2024, 20:38:53 - ERROR - TokenExpiredError: jwt expired 
21.7.2024, 20:38:53 - ERROR - TokenExpiredError: jwt expired 
21.7.2024, 20:38:53 - ERROR - TokenExpiredError: jwt expired 
21.7.2024, 20:38:53 - ERROR - TokenExpiredError: jwt expired 
21.7.2024, 20:38:53 - ERROR - TokenExpiredError: jwt expired 
21.7.2024, 20:38:53 - ERROR - TokenExpiredError: jwt expired 
21.7.2024, 20:38:53 - ERROR - TokenExpiredError: jwt expired 
21.7.2024, 20:38:53 - ERROR - TokenExpiredError: jwt expired 
21.7.2024, 20:39:13 - ERROR - TokenExpiredError: jwt expired 
21.7.2024, 20:39:20 - ERROR - TokenExpiredError: jwt expired 
21.7.2024, 20:39:20 - ERROR - TokenExpiredError: jwt expired 
21.7.2024, 20:39:20 - ERROR - TokenExpiredError: jwt expired 
21.7.2024, 20:39:20 - ERROR - TokenExpiredError: jwt expired 
21.7.2024, 20:39:20 - ERROR - TokenExpiredError: jwt expired 
21.7.2024, 20:39:20 - ERROR - TokenExpiredError: jwt expired 
21.7.2024, 20:39:20 - ERROR - TokenExpiredError: jwt expired 
21.7.2024, 20:39:20 - ERROR - TokenExpiredError: jwt expired 
21.7.2024, 20:39:20 - ERROR - TokenExpiredError: jwt expired 
21.7.2024, 20:39:20 - ERROR - TokenExpiredError: jwt expired 
21.7.2024, 20:39:20 - ERROR - TokenExpiredError: jwt expired 
21.7.2024, 20:39:20 - ERROR - TokenExpiredError: jwt expired 
21.7.2024, 20:39:42 - ERROR - TokenExpiredError: jwt expired 
21.7.2024, 20:39:42 - ERROR - TokenExpiredError: jwt expired 
21.7.2024, 20:39:42 - ERROR - TokenExpiredError: jwt expired 
21.7.2024, 20:39:42 - ERROR - TokenExpiredError: jwt expired 
21.7.2024, 20:39:42 - ERROR - TokenExpiredError: jwt expired 
21.7.2024, 20:39:42 - ERROR - TokenExpiredError: jwt expired 
21.7.2024, 20:39:42 - ERROR - TokenExpiredError: jwt expired 
21.7.2024, 20:39:42 - ERROR - TokenExpiredError: jwt expired 
21.7.2024, 20:39:42 - ERROR - TokenExpiredError: jwt expired 
21.7.2024, 20:39:43 - ERROR - TokenExpiredError: jwt expired 
21.7.2024, 20:39:43 - ERROR - TokenExpiredError: jwt expired 
21.7.2024, 20:39:43 - ERROR - TokenExpiredError: jwt expired 
21.7.2024, 20:40:00 - ERROR - TokenExpiredError: jwt expired 
21.7.2024, 20:40:18 - ERROR - TokenExpiredError: jwt expired 
21.7.2024, 20:40:18 - ERROR - TokenExpiredError: jwt expired 
21.7.2024, 20:40:18 - ERROR - TokenExpiredError: jwt expired 
21.7.2024, 20:40:18 - ERROR - TokenExpiredError: jwt expired 
21.7.2024, 20:40:18 - ERROR - TokenExpiredError: jwt expired 
21.7.2024, 20:40:18 - ERROR - TokenExpiredError: jwt expired 
21.7.2024, 20:40:18 - ERROR - TokenExpiredError: jwt expired 
21.7.2024, 20:40:18 - ERROR - TokenExpiredError: jwt expired 
21.7.2024, 20:40:18 - ERROR - TokenExpiredError: jwt expired 
21.7.2024, 20:40:18 - ERROR - TokenExpiredError: jwt expired 
21.7.2024, 20:40:18 - ERROR - TokenExpiredError: jwt expired 
21.7.2024, 20:40:18 - ERROR - TokenExpiredError: jwt expired 
21.7.2024, 20:43:48 - ERROR - TokenExpiredError: jwt expired 
21.7.2024, 20:47:35 - ERROR - TokenExpiredError: jwt expired 
21.7.2024, 20:49:37 - ERROR - TokenExpiredError: jwt expired 
21.7.2024, 20:54:08 - ERROR - TokenExpiredError: jwt expired 
21.7.2024, 20:58:06 - ERROR - TokenExpiredError: jwt expired 
21.7.2024, 20:58:16 - ERROR - TokenExpiredError: jwt expired 
21.7.2024, 20:58:24 - ERROR - TokenExpiredError: jwt expired 
21.7.2024, 20:58:24 - ERROR - TokenExpiredError: jwt expired 
21.7.2024, 20:58:24 - ERROR - TokenExpiredError: jwt expired 
21.7.2024, 20:58:24 - ERROR - TokenExpiredError: jwt expired 
21.7.2024, 20:58:24 - ERROR - TokenExpiredError: jwt expired 
21.7.2024, 20:58:24 - ERROR - TokenExpiredError: jwt expired 
21.7.2024, 20:58:24 - ERROR - TokenExpiredError: jwt expired 
21.7.2024, 20:58:24 - ERROR - TokenExpiredError: jwt expired 
21.7.2024, 20:58:24 - ERROR - TokenExpiredError: jwt expired 
21.7.2024, 20:58:24 - ERROR - TokenExpiredError: jwt expired 
21.7.2024, 20:58:24 - ERROR - TokenExpiredError: jwt expired 
21.7.2024, 20:58:24 - ERROR - TokenExpiredError: jwt expired 
21.7.2024, 21:00:22 - ERROR - TokenExpiredError: jwt expired 
21.7.2024, 21:00:22 - ERROR - TokenExpiredError: jwt expired 
21.7.2024, 21:00:22 - ERROR - TokenExpiredError: jwt expired 
21.7.2024, 21:00:22 - ERROR - TokenExpiredError: jwt expired 
21.7.2024, 21:00:22 - ERROR - TokenExpiredError: jwt expired 
21.7.2024, 21:00:22 - ERROR - TokenExpiredError: jwt expired 
21.7.2024, 21:00:22 - ERROR - TokenExpiredError: jwt expired 
21.7.2024, 21:00:22 - ERROR - TokenExpiredError: jwt expired 
21.7.2024, 21:00:22 - ERROR - TokenExpiredError: jwt expired 
21.7.2024, 21:00:22 - ERROR - TokenExpiredError: jwt expired 
21.7.2024, 21:00:22 - ERROR - TokenExpiredError: jwt expired 
21.7.2024, 21:00:22 - ERROR - TokenExpiredError: jwt expired 
21.7.2024, 21:00:33 - ERROR - TokenExpiredError: jwt expired 
21.7.2024, 21:00:33 - ERROR - TokenExpiredError: jwt expired 
21.7.2024, 21:00:33 - ERROR - TokenExpiredError: jwt expired 
21.7.2024, 21:00:33 - ERROR - TokenExpiredError: jwt expired 
21.7.2024, 21:00:33 - ERROR - TokenExpiredError: jwt expired 
21.7.2024, 21:00:33 - ERROR - TokenExpiredError: jwt expired 
21.7.2024, 21:00:33 - ERROR - TokenExpiredError: jwt expired 
21.7.2024, 21:00:33 - ERROR - TokenExpiredError: jwt expired 
21.7.2024, 21:00:33 - ERROR - TokenExpiredError: jwt expired 
21.7.2024, 21:00:33 - ERROR - TokenExpiredError: jwt expired 
21.7.2024, 21:00:33 - ERROR - TokenExpiredError: jwt expired 
21.7.2024, 21:00:33 - ERROR - TokenExpiredError: jwt expired 
21.7.2024, 21:04:37 - ERROR - Error: secretOrPrivateKey must have a value 
21.7.2024, 21:07:06 - ERROR - TokenExpiredError: jwt expired 
21.7.2024, 21:07:13 - ERROR - TokenExpiredError: jwt expired 
21.7.2024, 21:07:13 - ERROR - TokenExpiredError: jwt expired 
21.7.2024, 21:07:13 - ERROR - TokenExpiredError: jwt expired 
21.7.2024, 21:07:13 - ERROR - TokenExpiredError: jwt expired 
21.7.2024, 21:07:13 - ERROR - TokenExpiredError: jwt expired 
21.7.2024, 21:07:13 - ERROR - TokenExpiredError: jwt expired 
21.7.2024, 21:07:13 - ERROR - TokenExpiredError: jwt expired 
21.7.2024, 21:07:13 - ERROR - TokenExpiredError: jwt expired 
21.7.2024, 21:07:13 - ERROR - TokenExpiredError: jwt expired 
21.7.2024, 21:07:13 - ERROR - TokenExpiredError: jwt expired 
21.7.2024, 21:07:13 - ERROR - TokenExpiredError: jwt expired 
21.7.2024, 21:07:13 - ERROR - TokenExpiredError: jwt expired 
21.7.2024, 21:07:20 - ERROR - TokenExpiredError: jwt expired 
21.7.2024, 21:07:47 - ERROR - TokenExpiredError: jwt expired 
21.7.2024, 21:07:47 - ERROR - TokenExpiredError: jwt expired 
21.7.2024, 21:07:47 - ERROR - TokenExpiredError: jwt expired 
21.7.2024, 21:07:47 - ERROR - TokenExpiredError: jwt expired 
21.7.2024, 21:07:47 - ERROR - TokenExpiredError: jwt expired 
21.7.2024, 21:07:47 - ERROR - TokenExpiredError: jwt expired 
21.7.2024, 21:07:47 - ERROR - TokenExpiredError: jwt expired 
21.7.2024, 21:07:47 - ERROR - TokenExpiredError: jwt expired 
21.7.2024, 21:07:47 - ERROR - TokenExpiredError: jwt expired 
21.7.2024, 21:07:47 - ERROR - TokenExpiredError: jwt expired 
21.7.2024, 21:07:47 - ERROR - TokenExpiredError: jwt expired 
21.7.2024, 21:07:47 - ERROR - TokenExpiredError: jwt expired 
21.7.2024, 21:08:04 - ERROR - TokenExpiredError: jwt expired 
21.7.2024, 21:08:04 - ERROR - TokenExpiredError: jwt expired 
21.7.2024, 21:08:04 - ERROR - TokenExpiredError: jwt expired 
21.7.2024, 21:08:04 - ERROR - TokenExpiredError: jwt expired 
21.7.2024, 21:08:04 - ERROR - TokenExpiredError: jwt expired 
21.7.2024, 21:08:04 - ERROR - TokenExpiredError: jwt expired 
21.7.2024, 21:08:04 - ERROR - TokenExpiredError: jwt expired 
21.7.2024, 21:08:04 - ERROR - TokenExpiredError: jwt expired 
21.7.2024, 21:08:04 - ERROR - TokenExpiredError: jwt expired 
21.7.2024, 21:08:04 - ERROR - TokenExpiredError: jwt expired 
21.7.2024, 21:08:04 - ERROR - TokenExpiredError: jwt expired 
21.7.2024, 21:08:04 - ERROR - TokenExpiredError: jwt expired 
21.7.2024, 21:08:29 - ERROR - TokenExpiredError: jwt expired 
21.7.2024, 21:08:29 - ERROR - TokenExpiredError: jwt expired 
21.7.2024, 21:08:29 - ERROR - TokenExpiredError: jwt expired 
21.7.2024, 21:08:29 - ERROR - TokenExpiredError: jwt expired 
21.7.2024, 21:08:29 - ERROR - TokenExpiredError: jwt expired 
21.7.2024, 21:08:29 - ERROR - TokenExpiredError: jwt expired 
21.7.2024, 21:08:29 - ERROR - TokenExpiredError: jwt expired 
21.7.2024, 21:08:29 - ERROR - TokenExpiredError: jwt expired 
21.7.2024, 21:08:29 - ERROR - TokenExpiredError: jwt expired 
21.7.2024, 21:08:29 - ERROR - TokenExpiredError: jwt expired 
21.7.2024, 21:08:29 - ERROR - TokenExpiredError: jwt expired 
21.7.2024, 21:08:29 - ERROR - TokenExpiredError: jwt expired 
21.7.2024, 21:09:24 - ERROR - TokenExpiredError: jwt expired 
21.7.2024, 21:09:24 - ERROR - TokenExpiredError: jwt expired 
21.7.2024, 21:09:24 - ERROR - TokenExpiredError: jwt expired 
21.7.2024, 21:09:24 - ERROR - TokenExpiredError: jwt expired 
21.7.2024, 21:09:24 - ERROR - TokenExpiredError: jwt expired 
21.7.2024, 21:09:24 - ERROR - TokenExpiredError: jwt expired 
21.7.2024, 21:09:24 - ERROR - TokenExpiredError: jwt expired 
21.7.2024, 21:09:24 - ERROR - TokenExpiredError: jwt expired 
21.7.2024, 21:09:24 - ERROR - TokenExpiredError: jwt expired 
21.7.2024, 21:09:24 - ERROR - TokenExpiredError: jwt expired 
21.7.2024, 21:09:24 - ERROR - TokenExpiredError: jwt expired 
21.7.2024, 21:09:25 - ERROR - TokenExpiredError: jwt expired 
21.7.2024, 21:09:42 - ERROR - TokenExpiredError: jwt expired 
21.7.2024, 21:10:09 - ERROR - TokenExpiredError: jwt expired 
21.7.2024, 21:10:09 - ERROR - TokenExpiredError: jwt expired 
21.7.2024, 21:10:09 - ERROR - TokenExpiredError: jwt expired 
21.7.2024, 21:10:09 - ERROR - TokenExpiredError: jwt expired 
21.7.2024, 21:10:09 - ERROR - TokenExpiredError: jwt expired 
21.7.2024, 21:10:09 - ERROR - TokenExpiredError: jwt expired 
21.7.2024, 21:10:09 - ERROR - TokenExpiredError: jwt expired 
21.7.2024, 21:10:09 - ERROR - TokenExpiredError: jwt expired 
21.7.2024, 21:10:09 - ERROR - TokenExpiredError: jwt expired 
21.7.2024, 21:10:09 - ERROR - TokenExpiredError: jwt expired 
21.7.2024, 21:10:09 - ERROR - TokenExpiredError: jwt expired 
21.7.2024, 21:10:09 - ERROR - TokenExpiredError: jwt expired 
21.7.2024, 21:10:53 - ERROR - TokenExpiredError: jwt expired 
21.7.2024, 21:11:05 - ERROR - TokenExpiredError: jwt expired 
21.7.2024, 21:11:05 - ERROR - TokenExpiredError: jwt expired 
21.7.2024, 21:11:05 - ERROR - TokenExpiredError: jwt expired 
21.7.2024, 21:11:05 - ERROR - TokenExpiredError: jwt expired 
21.7.2024, 21:11:05 - ERROR - TokenExpiredError: jwt expired 
21.7.2024, 21:11:05 - ERROR - TokenExpiredError: jwt expired 
21.7.2024, 21:11:05 - ERROR - TokenExpiredError: jwt expired 
21.7.2024, 21:11:05 - ERROR - TokenExpiredError: jwt expired 
21.7.2024, 21:11:05 - ERROR - TokenExpiredError: jwt expired 
21.7.2024, 21:11:05 - ERROR - TokenExpiredError: jwt expired 
21.7.2024, 21:11:05 - ERROR - TokenExpiredError: jwt expired 
21.7.2024, 21:11:05 - ERROR - TokenExpiredError: jwt expired 
21.7.2024, 21:16:34 - ERROR - JsonWebTokenError: secret or public key must be provided 
21.7.2024, 21:16:34 - ERROR - JsonWebTokenError: secret or public key must be provided 
21.7.2024, 21:16:34 - ERROR - JsonWebTokenError: secret or public key must be provided 
21.7.2024, 21:16:34 - ERROR - JsonWebTokenError: secret or public key must be provided 
21.7.2024, 21:16:34 - ERROR - JsonWebTokenError: secret or public key must be provided 
21.7.2024, 21:16:34 - ERROR - JsonWebTokenError: secret or public key must be provided 
21.7.2024, 21:16:34 - ERROR - JsonWebTokenError: secret or public key must be provided 
21.7.2024, 21:16:34 - ERROR - JsonWebTokenError: secret or public key must be provided 
21.7.2024, 21:16:34 - ERROR - JsonWebTokenError: secret or public key must be provided 
21.7.2024, 21:16:34 - ERROR - JsonWebTokenError: secret or public key must be provided 
21.7.2024, 21:16:34 - ERROR - JsonWebTokenError: secret or public key must be provided 
21.7.2024, 21:16:34 - ERROR - JsonWebTokenError: secret or public key must be provided 
21.7.2024, 21:17:26 - ERROR - Error: secretOrPrivateKey must have a value 
21.7.2024, 21:27:43 - ERROR - Error: secretOrPrivateKey must have a value 
22.7.2024, 21:03:33 - ERROR - TokenExpiredError: jwt expired 
23.7.2024, 10:09:52 - ERROR - TokenExpiredError: jwt expired 
23.7.2024, 10:09:53 - ERROR - TokenExpiredError: jwt expired 
23.7.2024, 10:09:53 - ERROR - TokenExpiredError: jwt expired 
23.7.2024, 10:09:53 - ERROR - TokenExpiredError: jwt expired 
23.7.2024, 10:09:53 - ERROR - TokenExpiredError: jwt expired 
23.7.2024, 10:09:53 - ERROR - TokenExpiredError: jwt expired 
23.7.2024, 10:09:53 - ERROR - TokenExpiredError: jwt expired 
23.7.2024, 10:09:53 - ERROR - TokenExpiredError: jwt expired 
23.7.2024, 10:09:53 - ERROR - TokenExpiredError: jwt expired 
23.7.2024, 10:09:53 - ERROR - TokenExpiredError: jwt expired 
23.7.2024, 10:09:53 - ERROR - TokenExpiredError: jwt expired 
23.7.2024, 10:09:53 - ERROR - TokenExpiredError: jwt expired 
23.7.2024, 10:11:39 - ERROR - TokenExpiredError: jwt expired 
23.7.2024, 10:11:40 - ERROR - TokenExpiredError: jwt expired 
23.7.2024, 10:11:40 - ERROR - TokenExpiredError: jwt expired 
23.7.2024, 10:11:40 - ERROR - TokenExpiredError: jwt expired 
23.7.2024, 10:11:40 - ERROR - TokenExpiredError: jwt expired 
23.7.2024, 10:11:40 - ERROR - TokenExpiredError: jwt expired 
23.7.2024, 10:11:40 - ERROR - TokenExpiredError: jwt expired 
23.7.2024, 10:11:40 - ERROR - TokenExpiredError: jwt expired 
23.7.2024, 10:11:40 - ERROR - TokenExpiredError: jwt expired 
23.7.2024, 10:11:40 - ERROR - TokenExpiredError: jwt expired 
23.7.2024, 10:11:40 - ERROR - TokenExpiredError: jwt expired 
23.7.2024, 10:11:40 - ERROR - TokenExpiredError: jwt expired 
23.7.2024, 10:11:51 - ERROR - TokenExpiredError: jwt expired 
23.7.2024, 10:11:51 - ERROR - TokenExpiredError: jwt expired 
23.7.2024, 10:11:51 - ERROR - TokenExpiredError: jwt expired 
23.7.2024, 10:11:51 - ERROR - TokenExpiredError: jwt expired 
23.7.2024, 10:11:51 - ERROR - TokenExpiredError: jwt expired 
23.7.2024, 10:11:51 - ERROR - TokenExpiredError: jwt expired 
23.7.2024, 10:11:51 - ERROR - TokenExpiredError: jwt expired 
23.7.2024, 10:11:51 - ERROR - TokenExpiredError: jwt expired 
23.7.2024, 10:11:51 - ERROR - TokenExpiredError: jwt expired 
23.7.2024, 10:11:51 - ERROR - TokenExpiredError: jwt expired 
23.7.2024, 10:11:51 - ERROR - TokenExpiredError: jwt expired 
23.7.2024, 10:11:51 - ERROR - TokenExpiredError: jwt expired 
23.7.2024, 10:11:56 - ERROR - TokenExpiredError: jwt expired 
23.7.2024, 10:11:56 - ERROR - TokenExpiredError: jwt expired 
23.7.2024, 10:11:56 - ERROR - TokenExpiredError: jwt expired 
23.7.2024, 10:11:56 - ERROR - TokenExpiredError: jwt expired 
23.7.2024, 10:11:56 - ERROR - TokenExpiredError: jwt expired 
23.7.2024, 10:11:56 - ERROR - TokenExpiredError: jwt expired 
23.7.2024, 10:11:56 - ERROR - TokenExpiredError: jwt expired 
23.7.2024, 10:11:56 - ERROR - TokenExpiredError: jwt expired 
23.7.2024, 10:11:56 - ERROR - TokenExpiredError: jwt expired 
23.7.2024, 10:11:56 - ERROR - TokenExpiredError: jwt expired 
23.7.2024, 10:11:56 - ERROR - TokenExpiredError: jwt expired 
23.7.2024, 10:11:56 - ERROR - TokenExpiredError: jwt expired 
23.7.2024, 10:12:06 - ERROR - TokenExpiredError: jwt expired 
23.7.2024, 10:12:06 - ERROR - TokenExpiredError: jwt expired 
23.7.2024, 10:12:06 - ERROR - TokenExpiredError: jwt expired 
23.7.2024, 10:12:06 - ERROR - TokenExpiredError: jwt expired 
23.7.2024, 10:12:06 - ERROR - TokenExpiredError: jwt expired 
23.7.2024, 10:12:06 - ERROR - TokenExpiredError: jwt expired 
23.7.2024, 10:12:06 - ERROR - TokenExpiredError: jwt expired 
23.7.2024, 10:12:06 - ERROR - TokenExpiredError: jwt expired 
23.7.2024, 10:12:06 - ERROR - TokenExpiredError: jwt expired 
23.7.2024, 10:12:06 - ERROR - TokenExpiredError: jwt expired 
23.7.2024, 10:12:06 - ERROR - TokenExpiredError: jwt expired 
23.7.2024, 10:12:06 - ERROR - TokenExpiredError: jwt expired 
23.7.2024, 10:12:20 - ERROR - TokenExpiredError: jwt expired 
23.7.2024, 10:12:20 - ERROR - TokenExpiredError: jwt expired 
23.7.2024, 10:12:20 - ERROR - TokenExpiredError: jwt expired 
23.7.2024, 10:12:20 - ERROR - TokenExpiredError: jwt expired 
23.7.2024, 10:12:20 - ERROR - TokenExpiredError: jwt expired 
23.7.2024, 10:12:20 - ERROR - TokenExpiredError: jwt expired 
23.7.2024, 10:12:20 - ERROR - TokenExpiredError: jwt expired 
23.7.2024, 10:12:20 - ERROR - TokenExpiredError: jwt expired 
23.7.2024, 10:12:20 - ERROR - TokenExpiredError: jwt expired 
23.7.2024, 10:12:20 - ERROR - TokenExpiredError: jwt expired 
23.7.2024, 10:12:20 - ERROR - TokenExpiredError: jwt expired 
23.7.2024, 10:12:20 - ERROR - TokenExpiredError: jwt expired 
23.7.2024, 10:13:03 - ERROR - TokenExpiredError: jwt expired 
23.7.2024, 10:13:03 - ERROR - TokenExpiredError: jwt expired 
23.7.2024, 10:13:03 - ERROR - TokenExpiredError: jwt expired 
23.7.2024, 10:13:03 - ERROR - TokenExpiredError: jwt expired 
23.7.2024, 10:13:03 - ERROR - TokenExpiredError: jwt expired 
23.7.2024, 10:13:03 - ERROR - TokenExpiredError: jwt expired 
23.7.2024, 10:13:03 - ERROR - TokenExpiredError: jwt expired 
23.7.2024, 10:13:03 - ERROR - TokenExpiredError: jwt expired 
23.7.2024, 10:13:03 - ERROR - TokenExpiredError: jwt expired 
23.7.2024, 10:13:03 - ERROR - TokenExpiredError: jwt expired 
23.7.2024, 10:13:03 - ERROR - TokenExpiredError: jwt expired 
23.7.2024, 10:13:03 - ERROR - TokenExpiredError: jwt expired 
23.7.2024, 10:13:51 - ERROR - TokenExpiredError: jwt expired 
23.7.2024, 10:13:56 - ERROR - TokenExpiredError: jwt expired 
23.7.2024, 10:13:56 - ERROR - TokenExpiredError: jwt expired 
23.7.2024, 10:13:56 - ERROR - TokenExpiredError: jwt expired 
23.7.2024, 10:13:56 - ERROR - TokenExpiredError: jwt expired 
23.7.2024, 10:13:56 - ERROR - TokenExpiredError: jwt expired 
23.7.2024, 10:13:56 - ERROR - TokenExpiredError: jwt expired 
23.7.2024, 10:13:56 - ERROR - TokenExpiredError: jwt expired 
23.7.2024, 10:13:56 - ERROR - TokenExpiredError: jwt expired 
23.7.2024, 10:13:56 - ERROR - TokenExpiredError: jwt expired 
23.7.2024, 10:13:56 - ERROR - TokenExpiredError: jwt expired 
23.7.2024, 10:13:56 - ERROR - TokenExpiredError: jwt expired 
23.7.2024, 10:13:56 - ERROR - TokenExpiredError: jwt expired 
23.7.2024, 13:11:19 - ERROR - TokenExpiredError: jwt expired 
23.7.2024, 13:11:19 - ERROR - TokenExpiredError: jwt expired 
23.7.2024, 13:11:19 - ERROR - TokenExpiredError: jwt expired 
23.7.2024, 13:11:19 - ERROR - TokenExpiredError: jwt expired 
23.7.2024, 13:11:19 - ERROR - TokenExpiredError: jwt expired 
23.7.2024, 13:11:19 - ERROR - TokenExpiredError: jwt expired 
23.7.2024, 13:11:19 - ERROR - TokenExpiredError: jwt expired 
23.7.2024, 13:11:19 - ERROR - TokenExpiredError: jwt expired 
23.7.2024, 13:11:19 - ERROR - TokenExpiredError: jwt expired 
23.7.2024, 13:11:19 - ERROR - TokenExpiredError: jwt expired 
23.7.2024, 13:11:19 - ERROR - TokenExpiredError: jwt expired 
23.7.2024, 13:11:19 - ERROR - TokenExpiredError: jwt expired 
23.7.2024, 15:47:45 - ERROR - TokenExpiredError: jwt expired 
23.7.2024, 15:47:45 - ERROR - TokenExpiredError: jwt expired 
23.7.2024, 15:47:45 - ERROR - TokenExpiredError: jwt expired 
23.7.2024, 15:47:47 - ERROR - TokenExpiredError: jwt expired 
23.7.2024, 15:47:47 - ERROR - TokenExpiredError: jwt expired 
23.7.2024, 15:47:47 - ERROR - TokenExpiredError: jwt expired 
23.7.2024, 15:47:47 - ERROR - TokenExpiredError: jwt expired 
23.7.2024, 15:47:47 - ERROR - TokenExpiredError: jwt expired 
23.7.2024, 15:47:47 - ERROR - TokenExpiredError: jwt expired 
23.7.2024, 15:47:47 - ERROR - TokenExpiredError: jwt expired 
23.7.2024, 15:47:47 - ERROR - TokenExpiredError: jwt expired 
23.7.2024, 15:47:47 - ERROR - TokenExpiredError: jwt expired 
23.7.2024, 16:09:29 - ERROR - TokenExpiredError: jwt expired 
23.7.2024, 16:24:09 - ERROR - TokenExpiredError: jwt expired 
23.7.2024, 16:24:26 - ERROR - TokenExpiredError: jwt expired 
23.7.2024, 16:24:41 - ERROR - TokenExpiredError: jwt expired 
23.7.2024, 16:24:41 - ERROR - TokenExpiredError: jwt expired 
23.7.2024, 16:24:41 - ERROR - TokenExpiredError: jwt expired 
23.7.2024, 16:24:41 - ERROR - TokenExpiredError: jwt expired 
23.7.2024, 16:24:41 - ERROR - TokenExpiredError: jwt expired 
23.7.2024, 16:24:41 - ERROR - TokenExpiredError: jwt expired 
23.7.2024, 16:24:41 - ERROR - TokenExpiredError: jwt expired 
23.7.2024, 16:24:41 - ERROR - TokenExpiredError: jwt expired 
23.7.2024, 16:24:41 - ERROR - TokenExpiredError: jwt expired 
23.7.2024, 16:24:41 - ERROR - TokenExpiredError: jwt expired 
23.7.2024, 16:24:41 - ERROR - TokenExpiredError: jwt expired 
23.7.2024, 16:24:41 - ERROR - TokenExpiredError: jwt expired 
23.7.2024, 16:24:41 - ERROR - TokenExpiredError: jwt expired 
23.7.2024, 16:30:23 - ERROR - TokenExpiredError: jwt expired 
23.7.2024, 16:30:23 - ERROR - TokenExpiredError: jwt expired 
23.7.2024, 16:30:23 - ERROR - TokenExpiredError: jwt expired 
23.7.2024, 16:30:23 - ERROR - TokenExpiredError: jwt expired 
23.7.2024, 16:30:23 - ERROR - TokenExpiredError: jwt expired 
23.7.2024, 16:30:23 - ERROR - TokenExpiredError: jwt expired 
23.7.2024, 16:30:23 - ERROR - TokenExpiredError: jwt expired 
23.7.2024, 16:30:23 - ERROR - TokenExpiredError: jwt expired 
23.7.2024, 16:30:23 - ERROR - TokenExpiredError: jwt expired 
23.7.2024, 16:30:23 - ERROR - TokenExpiredError: jwt expired 
23.7.2024, 16:30:23 - ERROR - TokenExpiredError: jwt expired 
23.7.2024, 16:30:23 - ERROR - TokenExpiredError: jwt expired 
23.7.2024, 16:30:24 - ERROR - TokenExpiredError: jwt expired 
23.7.2024, 16:34:36 - ERROR - TokenExpiredError: jwt expired 
23.7.2024, 16:34:36 - ERROR - TokenExpiredError: jwt expired 
23.7.2024, 16:34:36 - ERROR - TokenExpiredError: jwt expired 
23.7.2024, 16:34:36 - ERROR - TokenExpiredError: jwt expired 
23.7.2024, 16:34:36 - ERROR - TokenExpiredError: jwt expired 
23.7.2024, 16:34:36 - ERROR - TokenExpiredError: jwt expired 
23.7.2024, 16:34:36 - ERROR - TokenExpiredError: jwt expired 
23.7.2024, 16:34:36 - ERROR - TokenExpiredError: jwt expired 
23.7.2024, 16:34:36 - ERROR - TokenExpiredError: jwt expired 
23.7.2024, 16:34:36 - ERROR - TokenExpiredError: jwt expired 
23.7.2024, 16:34:36 - ERROR - TokenExpiredError: jwt expired 
23.7.2024, 16:34:37 - ERROR - TokenExpiredError: jwt expired 
23.7.2024, 16:34:37 - ERROR - TokenExpiredError: jwt expired 
23.7.2024, 16:35:41 - ERROR - TokenExpiredError: jwt expired 
23.7.2024, 16:35:41 - ERROR - TokenExpiredError: jwt expired 
23.7.2024, 16:35:41 - ERROR - TokenExpiredError: jwt expired 
23.7.2024, 16:35:41 - ERROR - TokenExpiredError: jwt expired 
23.7.2024, 16:35:41 - ERROR - TokenExpiredError: jwt expired 
23.7.2024, 16:35:41 - ERROR - TokenExpiredError: jwt expired 
23.7.2024, 16:35:41 - ERROR - TokenExpiredError: jwt expired 
23.7.2024, 16:35:41 - ERROR - TokenExpiredError: jwt expired 
23.7.2024, 16:35:41 - ERROR - TokenExpiredError: jwt expired 
23.7.2024, 16:35:41 - ERROR - TokenExpiredError: jwt expired 
23.7.2024, 16:35:41 - ERROR - TokenExpiredError: jwt expired 
23.7.2024, 16:35:41 - ERROR - TokenExpiredError: jwt expired 
23.7.2024, 16:35:42 - ERROR - TokenExpiredError: jwt expired 
23.7.2024, 16:56:40 - ERROR - TokenExpiredError: jwt expired 
23.7.2024, 16:56:40 - ERROR - TokenExpiredError: jwt expired 
23.7.2024, 16:56:40 - ERROR - TokenExpiredError: jwt expired 
23.7.2024, 16:56:40 - ERROR - TokenExpiredError: jwt expired 
23.7.2024, 16:56:41 - ERROR - TokenExpiredError: jwt expired 
23.7.2024, 16:56:41 - ERROR - TokenExpiredError: jwt expired 
23.7.2024, 16:56:41 - ERROR - TokenExpiredError: jwt expired 
23.7.2024, 16:56:41 - ERROR - TokenExpiredError: jwt expired 
23.7.2024, 16:56:41 - ERROR - TokenExpiredError: jwt expired 
23.7.2024, 16:56:41 - ERROR - TokenExpiredError: jwt expired 
23.7.2024, 16:56:41 - ERROR - TokenExpiredError: jwt expired 
23.7.2024, 16:56:41 - ERROR - TokenExpiredError: jwt expired 
23.7.2024, 16:56:41 - ERROR - TokenExpiredError: jwt expired 
23.7.2024, 17:11:56 - ERROR - TokenExpiredError: jwt expired 
23.7.2024, 17:11:57 - ERROR - TokenExpiredError: jwt expired 
23.7.2024, 17:11:57 - ERROR - TokenExpiredError: jwt expired 
23.7.2024, 17:11:57 - ERROR - TokenExpiredError: jwt expired 
23.7.2024, 17:11:57 - ERROR - TokenExpiredError: jwt expired 
23.7.2024, 17:11:57 - ERROR - TokenExpiredError: jwt expired 
23.7.2024, 17:11:57 - ERROR - TokenExpiredError: jwt expired 
23.7.2024, 17:11:57 - ERROR - TokenExpiredError: jwt expired 
23.7.2024, 17:11:57 - ERROR - TokenExpiredError: jwt expired 
23.7.2024, 17:11:57 - ERROR - TokenExpiredError: jwt expired 
23.7.2024, 17:11:57 - ERROR - TokenExpiredError: jwt expired 
23.7.2024, 17:11:57 - ERROR - TokenExpiredError: jwt expired 
23.7.2024, 17:11:57 - ERROR - TokenExpiredError: jwt expired 
23.7.2024, 17:27:02 - ERROR - TokenExpiredError: jwt expired 
23.7.2024, 17:27:02 - ERROR - TokenExpiredError: jwt expired 
23.7.2024, 17:27:02 - ERROR - TokenExpiredError: jwt expired 
23.7.2024, 17:27:02 - ERROR - TokenExpiredError: jwt expired 
23.7.2024, 17:27:02 - ERROR - TokenExpiredError: jwt expired 
23.7.2024, 17:27:02 - ERROR - TokenExpiredError: jwt expired 
23.7.2024, 17:27:02 - ERROR - TokenExpiredError: jwt expired 
23.7.2024, 17:27:02 - ERROR - TokenExpiredError: jwt expired 
23.7.2024, 17:27:02 - ERROR - TokenExpiredError: jwt expired 
23.7.2024, 17:27:02 - ERROR - TokenExpiredError: jwt expired 
23.7.2024, 17:27:02 - ERROR - TokenExpiredError: jwt expired 
23.7.2024, 17:27:02 - ERROR - TokenExpiredError: jwt expired 
23.7.2024, 17:27:02 - ERROR - TokenExpiredError: jwt expired 
23.7.2024, 17:41:56 - ERROR - ValidationError: image: Path `image` is required. 
23.7.2024, 17:47:35 - ERROR - TokenExpiredError: jwt expired 
23.7.2024, 17:47:35 - ERROR - TokenExpiredError: jwt expired 
23.7.2024, 17:47:35 - ERROR - TokenExpiredError: jwt expired 
23.7.2024, 17:47:35 - ERROR - TokenExpiredError: jwt expired 
23.7.2024, 17:47:35 - ERROR - TokenExpiredError: jwt expired 
23.7.2024, 17:47:35 - ERROR - TokenExpiredError: jwt expired 
23.7.2024, 17:47:35 - ERROR - TokenExpiredError: jwt expired 
23.7.2024, 17:47:35 - ERROR - TokenExpiredError: jwt expired 
23.7.2024, 17:47:35 - ERROR - TokenExpiredError: jwt expired 
23.7.2024, 17:47:35 - ERROR - TokenExpiredError: jwt expired 
23.7.2024, 17:47:35 - ERROR - TokenExpiredError: jwt expired 
23.7.2024, 17:47:36 - ERROR - TokenExpiredError: jwt expired 
23.7.2024, 17:47:36 - ERROR - TokenExpiredError: jwt expired 
23.7.2024, 17:47:59 - ERROR - ValidationError: image: Path `image` is required. 
23.7.2024, 17:49:07 - ERROR - ValidationError: image: Path `image` is required. 
23.7.2024, 17:57:04 - ERROR - ValidationError: image: Path `image` is required. 
23.7.2024, 17:57:56 - ERROR - ValidationError: image: Path `image` is required. 
23.7.2024, 17:59:38 - ERROR - ValidationError: image: Path `image` is required. 
23.7.2024, 18:00:11 - ERROR - ValidationError: image: Path `image` is required. 
23.7.2024, 18:00:29 - ERROR - ValidationError: image: Path `image` is required. 
23.7.2024, 18:02:53 - ERROR - TokenExpiredError: jwt expired 
23.7.2024, 18:02:53 - ERROR - TokenExpiredError: jwt expired 
23.7.2024, 18:02:53 - ERROR - TokenExpiredError: jwt expired 
23.7.2024, 18:02:53 - ERROR - TokenExpiredError: jwt expired 
23.7.2024, 18:02:53 - ERROR - TokenExpiredError: jwt expired 
23.7.2024, 18:02:53 - ERROR - TokenExpiredError: jwt expired 
23.7.2024, 18:02:53 - ERROR - TokenExpiredError: jwt expired 
23.7.2024, 18:02:53 - ERROR - TokenExpiredError: jwt expired 
23.7.2024, 18:02:53 - ERROR - TokenExpiredError: jwt expired 
23.7.2024, 18:02:53 - ERROR - TokenExpiredError: jwt expired 
23.7.2024, 18:02:53 - ERROR - TokenExpiredError: jwt expired 
23.7.2024, 18:02:53 - ERROR - TokenExpiredError: jwt expired 
23.7.2024, 18:02:54 - ERROR - TokenExpiredError: jwt expired 
23.7.2024, 18:03:25 - ERROR - ValidationError: image: Path `image` is required. 
23.7.2024, 18:13:49 - ERROR - Error: ENOENT: no such file or directory, rename 'C:\Users\talor\OneDrive\Desktop\vscode\ChefIn-server\temp\Screenshot 2024-07-19 174236.png' -> 'C:\Users\talor\OneDrive\Desktop\vscode\ChefIn-server\uploads\Screenshot 2024-07-19 174236.png' 
23.7.2024, 18:15:16 - ERROR - Error: ENOENT: no such file or directory, rename 'C:\Users\talor\OneDrive\Desktop\vscode\ChefIn-server\temp\Screenshot 2024-07-19 174236.png' -> 'C:\Users\talor\OneDrive\Desktop\vscode\ChefIn-server\uploads\Screenshot 2024-07-19 174236.png' 
23.7.2024, 18:21:53 - ERROR - ValidationError: image: Path `image` is required. 
23.7.2024, 18:25:01 - ERROR - ValidationError: reviews: Cast to embedded failed for value "[]" (type string) at path "reviews" because of "ObjectParameterError", image: Path `image` is required. 
23.7.2024, 18:26:57 - ERROR - ValidationError: reviews: Cast to embedded failed for value "[]" (type string) at path "reviews" because of "ObjectParameterError", image: Path `image` is required. 
23.7.2024, 18:29:59 - ERROR - TokenExpiredError: jwt expired 
23.7.2024, 18:30:00 - ERROR - TokenExpiredError: jwt expired 
23.7.2024, 18:30:00 - ERROR - TokenExpiredError: jwt expired 
23.7.2024, 18:30:00 - ERROR - TokenExpiredError: jwt expired 
23.7.2024, 18:30:00 - ERROR - TokenExpiredError: jwt expired 
23.7.2024, 18:30:00 - ERROR - TokenExpiredError: jwt expired 
23.7.2024, 18:30:00 - ERROR - TokenExpiredError: jwt expired 
23.7.2024, 18:30:00 - ERROR - TokenExpiredError: jwt expired 
23.7.2024, 18:30:00 - ERROR - TokenExpiredError: jwt expired 
23.7.2024, 18:30:00 - ERROR - TokenExpiredError: jwt expired 
23.7.2024, 18:30:25 - ERROR - ValidationError: reviews: Cast to embedded failed for value "[]" (type string) at path "reviews" because of "ObjectParameterError" 
23.7.2024, 18:32:14 - ERROR - ValidationError: reviews: Cast to embedded failed for value "[]" (type string) at path "reviews" because of "ObjectParameterError" 
23.7.2024, 18:34:11 - ERROR - ValidationError: reviews: Cast to embedded failed for value "[]" (type string) at path "reviews" because of "ObjectParameterError" 
23.7.2024, 18:44:12 - ERROR - ValidationError: reviews: Cast to embedded failed for value "[]" (type string) at path "reviews" because of "ObjectParameterError", image: Path `image` is required. 
23.7.2024, 18:50:03 - ERROR - TokenExpiredError: jwt expired 
23.7.2024, 18:50:03 - ERROR - ValidationError: reviews: Cast to embedded failed for value "[]" (type string) at path "reviews" because of "ObjectParameterError", image: Path `image` is required. 
23.7.2024, 18:54:15 - ERROR - ValidationError: reviews: Cast to embedded failed for value "[]" (type string) at path "reviews" because of "ObjectParameterError", image: Path `image` is required. 
23.7.2024, 18:55:07 - ERROR - ValidationError: reviews: Cast to embedded failed for value "[]" (type string) at path "reviews" because of "ObjectParameterError" 
23.7.2024, 18:56:28 - ERROR - ValidationError: reviews: Cast to embedded failed for value "[]" (type string) at path "reviews" because of "ObjectParameterError" 
23.7.2024, 19:05:20 - ERROR - TokenExpiredError: jwt expired 
23.7.2024, 19:20:30 - ERROR - TokenExpiredError: jwt expired 
23.7.2024, 19:35:31 - ERROR - TokenExpiredError: jwt expired 
23.7.2024, 19:36:21 - ERROR - CastError: Cast to string failed for value "{}" (type Object) at path "profileImgUrl" 
23.7.2024, 19:40:45 - ERROR - CastError: Cast to string failed for value "{}" (type Object) at path "profileImgUrl" 
23.7.2024, 19:51:02 - ERROR - TokenExpiredError: jwt expired 
23.7.2024, 19:51:02 - ERROR - TokenExpiredError: jwt expired 
23.7.2024, 19:51:02 - ERROR - TokenExpiredError: jwt expired 
23.7.2024, 19:51:02 - ERROR - TokenExpiredError: jwt expired 
23.7.2024, 19:51:02 - ERROR - TokenExpiredError: jwt expired 
23.7.2024, 19:51:03 - ERROR - TokenExpiredError: jwt expired 
23.7.2024, 19:51:03 - ERROR - TokenExpiredError: jwt expired 
23.7.2024, 19:51:03 - ERROR - TokenExpiredError: jwt expired 
23.7.2024, 19:51:03 - ERROR - TokenExpiredError: jwt expired 
23.7.2024, 19:51:03 - ERROR - TokenExpiredError: jwt expired 
23.7.2024, 19:51:03 - ERROR - TokenExpiredError: jwt expired 
23.7.2024, 20:06:25 - ERROR - TokenExpiredError: jwt expired 
23.7.2024, 20:36:31 - ERROR - TokenExpiredError: jwt expired 
24.7.2024, 10:42:19 - ERROR - TokenExpiredError: jwt expired 
24.7.2024, 10:42:19 - ERROR - TokenExpiredError: jwt expired 
24.7.2024, 10:42:19 - ERROR - TokenExpiredError: jwt expired 
24.7.2024, 10:42:19 - ERROR - TokenExpiredError: jwt expired 
24.7.2024, 10:42:19 - ERROR - TokenExpiredError: jwt expired 
24.7.2024, 10:42:19 - ERROR - TokenExpiredError: jwt expired 
24.7.2024, 10:42:19 - ERROR - TokenExpiredError: jwt expired 
24.7.2024, 10:42:19 - ERROR - TokenExpiredError: jwt expired 
24.7.2024, 10:42:19 - ERROR - TokenExpiredError: jwt expired 
24.7.2024, 10:42:19 - ERROR - TokenExpiredError: jwt expired 
24.7.2024, 10:42:19 - ERROR - TokenExpiredError: jwt expired 
24.7.2024, 10:42:19 - ERROR - TokenExpiredError: jwt expired 
24.7.2024, 10:42:19 - ERROR - TokenExpiredError: jwt expired 
24.7.2024, 10:42:19 - ERROR - TokenExpiredError: jwt expired 
24.7.2024, 10:59:51 - ERROR - TokenExpiredError: jwt expired 
24.7.2024, 11:04:58 - INFO - Registering user 
24.7.2024, 11:04:58 - INFO - User 66a0b5aa39bc51a99f1d34d6 registered successfully 
